<?xml version="1.0" encoding="UTF-8"?>
<!-- Generated by org.testng.reporters.JUnitReportReporter -->
<testsuite skipped="0" hostname="lenovo-PC" name="tests.SimpleFormTests" tests="9" failures="0" timestamp="2021-05-16T17:23:58 IST" time="28.368" errors="0">
  <testcase name="sumOfTwoFields" time="3.461" classname="tests.SimpleFormTests"/>
  <system-out/>
  <testcase name="sumOfTwoFields" time="3.203" classname="tests.SimpleFormTests"/>
  <system-out/>
  <testcase name="sumOfTwoFields" time="3.477" classname="tests.SimpleFormTests"/>
  <system-out/>
  <testcase name="sumOfTwoFields" time="3.220" classname="tests.SimpleFormTests"/>
  <system-out/>
  <testcase name="sumOfTwoFields" time="2.939" classname="tests.SimpleFormTests"/>
  <system-out/>
  <testcase name="sumOfTwoFields" time="3.035" classname="tests.SimpleFormTests"/>
  <system-out/>
  <testcase name="sumOfTwoFields" time="3.028" classname="tests.SimpleFormTests"/>
  <system-out/>
  <testcase name="sumOfTwoFields" time="2.952" classname="tests.SimpleFormTests"/>
  <system-out/>
  <testcase name="sumOfTwoFields" time="3.053" classname="tests.SimpleFormTests"/>
  <system-out/>
</testsuite> <!-- tests.SimpleFormTests -->
